<?xml version="1.0" encoding="UTF-8"?>
<!-- Generated by org.testng.reporters.JUnitXMLReporter -->
<testsuite ignored="0" hostname="LAPTOP-858J0VPN" failures="1" tests="17" name="Test" time="12.811" errors="0" timestamp="2024-12-01T19:43:10 IST">
  <testcase classname="E2E.Framework.LandingPageTest" name="verifyThatStandardUserCanGoTolandingPage" time="0.158"/>
  <testcase classname="E2E.Framework.LandingPageTest" name="verifyUserCanClickOnItem" time="0.12"/>
  <testcase classname="E2E.Framework.LandingPageTest" name="verifyUserCanClickOnItem" time="0.101"/>
  <testcase classname="E2E.Framework.LandingPageTest" name="verifyUserCanClickOnItem" time="0.105"/>
  <testcase classname="E2E.Framework.LandingPageTest" name="verifyThatStandardUserCanClickOnAddToCartButton" time="0.167"/>
  <testcase classname="E2E.Framework.LandingPageTest" name="verifyThatStandardUserCanClickOnAddToCartButton" time="0.144"/>
  <testcase classname="E2E.Framework.LandingPageTest" name="verifyThatStandardUserCanClickOnAddToCartButton" time="0.151"/>
  <testcase classname="E2E.Framework.LandingPageTest" name="verifyThatStandardUserCanRemoveItemFromCart" time="0.162"/>
  <testcase classname="E2E.Framework.LandingPageTest" name="verifyThatStandardUserCanRemoveItemFromCart" time="0.147"/>
  <testcase classname="E2E.Framework.LandingPageTest" name="verifyThatStandardUserCanRemoveItemFromCart" time="0.15"/>
  <testcase classname="E2E.Framework.LandingPageTest" name="verifyThatUserCanGoToCart" time="0.136"/>
  <testcase classname="E2E.Framework.LandingPageTest" name="verifyThatUserCanClickOnContinueShoppingButton" time="0.168"/>
  <testcase classname="E2E.Framework.LoginPageTest" name="verifyThatStandardUserCanLogInWithValidInputs" time="0.302"/>
  <testcase classname="E2E.Framework.LoginPageTest" name="verifyThatStandardUserCannotLogInWithInvalidUsername" time="0.257"/>
  <testcase classname="E2E.Framework.LoginPageTest" name="verifyThatStandardUserCannotLogInWithInvalidPassword" time="0.237"/>
  <testcase classname="E2E.Framework.LoginPageTest" name="verifyScreenshotCaptureFunctionality" time="0.235">
    <failure type="java.lang.AssertionError" message="This test is just check the screenshot capture functionality">
      <![CDATA[java.lang.AssertionError: This test is just check the screenshot capture functionality
at E2E.Framework.LoginPageTest.verifyScreenshotCaptureFunctionality(LoginPageTest.java:90)
at java.base/java.util.ArrayList.forEach(ArrayList.java:1511)
... Removed 28 stack frames]]>
    </failure>
  </testcase> <!-- verifyScreenshotCaptureFunctionality -->
  <testcase classname="E2E.Framework.LoginPageTest" name="verifyCustomMethods" time="0.039"/>
</testsuite> <!-- Test -->
