-------------------------------------------------------------------------------
Test set: TestSuite
-------------------------------------------------------------------------------
Tests run: 4, Failures: 1, Errors: 0, Skipped: 0, Time elapsed: 12.286 s <<< FAILURE! - in TestSuite
E2E.Framework.validateTitle.validatetitle  Time elapsed: 0.001 s  <<< FAILURE!
java.lang.AssertionError: expected [Bibhuti] but found [QA Click Academy | Selenium,Jmeter,SoapUI,Appium,Database testing,QA Training Academy]
	at E2E.Framework.validateTitle.validatetitle(validateTitle.java:22)

